..\dev\src\response.cpp 
..\memio\src\array.cpp 
..\memio\src\baseblk.cpp 
..\memio\src\baserecb.cpp 
..\memio\src\chunklib.cpp 
..\memio\src\dbstring.cpp 
..\memio\src\exrecblk.cpp 
..\memio\src\exserblk.cpp 
..\memio\src\exserrec.cpp 
..\memio\src\exstring.cpp 
..\memio\src\fastrecm.cpp 
..\memio\src\fileobj.cpp 
..\memio\src\list.cpp 
..\memio\src\memblk.cpp 
..\memio\src\memclass.cpp 
..\memio\src\memlib.cpp 
..\memio\src\recblk.cpp 
..\memio\src\rtrec.cpp 
..\memio\src\rtreclst.cpp 
..\memio\src\serblk.cpp 
..\memio\src\serrec.cpp 
..\memio\src\strspace.cpp 
..\memio\src\tstring.cpp 
..\memio\src\uidstack.cpp 
..\memio\src\uidtable.cpp 
..\pro\src\bitree.cpp
..\pro\src\datasmgr.cpp 
..\pro\src\dibitmap.cpp
..\pro\src\exeevntl.cpp 
..\pro\src\exeflwmg.cpp 
..\pro\src\exefunc.cpp 
..\pro\src\exehead.cpp 
..\pro\src\exelibl.cpp 
..\pro\src\exelistb.cpp 
..\pro\src\exeobjs.cpp 
..\pro\src\exeproc.cpp 
..\pro\src\exeprocl.cpp 
..\pro\src\exerespl.cpp 
..\pro\src\exetypes.cpp 
..\pro\src\ownerlst.cpp 
..\pro\src\mtypelst.cpp
..\pro\src\splshdis.cpp
..\pro\src\stckarry.cpp
..\pro\src\winlist.cpp
..\upsf\classes.cpp 
..\upsf\nat2univ.cpp 
..\upsf\req_size.cpp 
..\upsf\univ2nat.cpp 
..\upsf\upsf.cpp 
src\context.cpp 
src\eventque.cpp 
src\heap.cpp 
src\main.cpp 
src\markstac.cpp 
src\oipcreat.cpp 
src\oipdatas.cpp 
src\oipdebug.cpp 
src\oiptime.cpp 
src\oipevnts.cpp 
src\oipexe.cpp 
src\oipmem.cpp 
src\oipmisc.cpp 
src\oipobjs.cpp 
src\oipowner.cpp 
src\oipparms.cpp 
src\oiputils.cpp 
src\oipwindo.cpp 
src\rsrcmgr.cpp 
src\sassoc2.cpp 
src\serdlg.cpp 
src\ser_font.cpp 
src\system.cpp 
src\systemfu.cpp 
