src\array.cpp 
src\blkblk.cpp 
src\cfgdesc.cpp 
src\cfgupdat.cpp 
src\compdesc.cpp 
src\dbsarray.cpp 
src\dbstring.cpp 
src\evntdesc.cpp 
src\fileobj.cpp 
src\flows.cpp 
src\funcdesc.cpp 
src\main.cpp 
src\memclass.cpp 
src\memlib.cpp 
src\methdesc.cpp 
src\objdesc.cpp 
src\params.cpp 
src\recblk.cpp 
src\response.cpp 
src\routines.cpp 
src\serblk.cpp 
src\sericon.cpp 
src\serrec.cpp 
src\strspace.cpp 
src\syntax.cpp 
src\system.cpp 
src\tstring.cpp 
src\uidtable.cpp 
