******************************
Copying files to common include
	+++  attrib -r g:\internal\INCLUDE\op_wnd.h

	+++  copy g:\objects\include\op_wnd.h	g:\internal\INCLUDE

        1 file(s) copied
	+++  attrib +r g:\internal\INCLUDE\op_wnd.h

	+++  attrib -r g:\internal\INCLUDE\o_button.h

	+++  copy g:\objects\include\o_button.h	g:\internal\INCLUDE

        1 file(s) copied
	+++  attrib +r g:\internal\INCLUDE\o_button.h

	+++  attrib -r g:\internal\INCLUDE\o_comm.h

	+++  copy g:\objects\include\o_comm.h	g:\internal\INCLUDE

        1 file(s) copied
	+++  attrib +r g:\internal\INCLUDE\o_comm.h

	+++  attrib -r g:\internal\INCLUDE\o_datb.h

	+++  copy g:\objects\include\o_datb.h	g:\internal\INCLUDE

        1 file(s) copied
	+++  attrib +r g:\internal\INCLUDE\o_datb.h

	+++  attrib -r g:\internal\INCLUDE\o_date.h

	+++  copy g:\objects\include\o_date.h	g:\internal\INCLUDE

        1 file(s) copied
	+++  attrib +r g:\internal\INCLUDE\o_date.h

	+++  attrib -r g:\internal\INCLUDE\o_flag.h

	+++  copy g:\objects\include\o_flag.h	g:\internal\INCLUDE

        1 file(s) copied
	+++  attrib +r g:\internal\INCLUDE\o_flag.h

	+++  attrib -r g:\internal\INCLUDE\o_genrl.h

	+++  copy g:\objects\include\o_genrl.h	g:\internal\INCLUDE

        1 file(s) copied
	+++  attrib +r g:\internal\INCLUDE\o_genrl.h

	+++  attrib -r g:\internal\INCLUDE\o_list.h

	+++  copy g:\objects\include\o_list.h	g:\internal\INCLUDE

        1 file(s) copied
	+++  attrib +r g:\internal\INCLUDE\o_list.h

	+++  attrib -r g:\internal\INCLUDE\o_menus.h

	+++  copy g:\objects\include\o_menus.h	g:\internal\INCLUDE

        1 file(s) copied
	+++  attrib +r g:\internal\INCLUDE\o_menus.h

	+++  attrib -r g:\internal\INCLUDE\o_number.h

	+++  copy g:\objects\include\o_number.h	g:\internal\INCLUDE

        1 file(s) copied
	+++  attrib +r g:\internal\INCLUDE\o_number.h

	+++  attrib -r g:\internal\INCLUDE\o_nwmhs.h

	+++  copy g:\objects\include\o_nwmhs.h	g:\internal\INCLUDE

        1 file(s) copied
	+++  attrib +r g:\internal\INCLUDE\o_nwmhs.h

	+++  attrib -r g:\internal\INCLUDE\o_nwmsg.h

	+++  copy g:\objects\include\o_nwmsg.h	g:\internal\INCLUDE

        1 file(s) copied
	+++  attrib +r g:\internal\INCLUDE\o_nwmsg.h

	+++  attrib -r g:\internal\INCLUDE\o_pict.h

	+++  copy g:\objects\include\o_pict.h	g:\internal\INCLUDE

        1 file(s) copied
	+++  attrib +r g:\internal\INCLUDE\o_pict.h

	+++  attrib -r g:\internal\INCLUDE\o_print.h

	+++  copy g:\objects\include\o_print.h	g:\internal\INCLUDE

        1 file(s) copied
	+++  attrib +r g:\internal\INCLUDE\o_print.h

	+++  attrib -r g:\internal\INCLUDE\o_sql.h

	+++  copy g:\objects\include\o_sql.h	g:\internal\INCLUDE

        1 file(s) copied
	+++  attrib +r g:\internal\INCLUDE\o_sql.h

	+++  attrib -r g:\internal\INCLUDE\o_table.h

	+++  copy g:\objects\include\o_table.h	g:\internal\INCLUDE

        1 file(s) copied
	+++  attrib +r g:\internal\INCLUDE\o_table.h

	+++  attrib -r g:\internal\INCLUDE\o_text.h

	+++  copy g:\objects\include\o_text.h	g:\internal\INCLUDE

        1 file(s) copied
	+++  attrib +r g:\internal\INCLUDE\o_text.h

	+++  attrib -r g:\internal\INCLUDE\o_time.h

	+++  copy g:\objects\include\o_time.h	g:\internal\INCLUDE

        1 file(s) copied
	+++  attrib +r g:\internal\INCLUDE\o_time.h

	+++  attrib -r g:\internal\INCLUDE\o_wnd.h

	+++  copy g:\objects\include\o_wnd.h	g:\internal\INCLUDE

        1 file(s) copied
	+++  attrib +r g:\internal\INCLUDE\o_wnd.h

	+++  attrib -r g:\internal\INCLUDE\o_wndlay.h

	+++  copy g:\objects\include\o_wndlay.h	g:\internal\INCLUDE

        1 file(s) copied
	+++  attrib +r g:\internal\INCLUDE\o_wndlay.h

	+++  attrib -r g:\internal\INCLUDE\o_wndshp.h

	+++  copy g:\objects\include\o_wndshp.h	g:\internal\INCLUDE

        1 file(s) copied
	+++  attrib +r g:\internal\INCLUDE\o_wndshp.h

Starting make of system

********************************
Starting make of APPLICAT
--> Building .DLL only --> Performing make
	+++  make   INTERNAL=1 MAKEDLL=1 -K

MAKE Version 3.6  Copyright (c) 1992 Borland International

Available memory 14610432 bytes

********************************
Starting make of FILE
--> Building .DLL only --> Performing make
	+++  make   INTERNAL=1 MAKEDLL=1 -K

MAKE Version 3.6  Copyright (c) 1992 Borland International

Available memory 14610432 bytes

copying specified .DLL files to common bin
	+++  attrib -r g:\internal\BIN\alm_sysm.dll

	+++  copy g:\objects\applicat\obj\alm_sysm.dll	g:\internal\BIN

        1 file(s) copied
	+++  attrib +r g:\internal\BIN\alm_sysm.dll

	+++  attrib -r g:\internal\BIN\alm_file.dll

	+++  copy g:\objects\file\obj\alm_file.dll	g:\internal\BIN

        1 file(s) copied
	+++  attrib +r g:\internal\BIN\alm_file.dll

