# Object DLLs
BIN                     applicat\obj\alm_sysm.dll
BIN                     authen\obj\alm_auth.dll
BIN                     basic\obj\alm_bas.dll
BIN                     browser\obj\alm_brws.dll
BIN                     bundle\obj\alm_bndl.dll
BIN                     button\obj\alm_butn.dll
BIN                     calc\obj\alm_calc.dll
BIN                     conncnt\obj\alm_cnct.dll
BIN                     cursor\obj\alm_acur.dll
BIN                     database\obj\alm_datb.dll
BIN                     datastrm\obj\alm_strm.dll
BIN                     date\obj\alm_date.dll
BIN                     ddeclien\obj\alm_ddec.dll
BIN                     ddeserve\obj\alm_ddes.dll
BIN                     dll\obj\alm_dll.dll
BIN                     fileops\obj\alm_flop.dll
BIN                     file\obj\alm_file.dll
BIN                     filetran\obj\alm_fltr.dll
BIN                     flag\obj\alm_flag.dll
BIN                     general\obj\alm_gnrl.dll
BIN                     group\obj\alm_grup.dll
BIN                     imp-exp\obj\alm_imex.dll
BIN                     keyboard\obj\alm_keyb.dll
BIN                     launch\obj\alm_appl.dll
BIN                     list\obj\alm_list.dll
BIN                     loop\obj\alm_loop.dll
BIN                     menus\obj\alm_menu.dll
BIN                     notify\obj\alm_ntfy.dll
BIN                     number\obj\alm_nmbr.dll
BIN                     nwbind\obj\alm_bind.dll
BIN                     nwclient\obj\alm_nwws.dll
BIN                     nwds\obj\alm_nwds.dll
BIN                     nwer\obj\alm_nwer.dll
BIN                     nwserver\obj\alm_nwsv.dll
BIN                     nwxlat\obj\nwxlat.dll
BIN                     nwmhs\obj\alm_mhs.dll
BIN                     nwmsg\obj\alm_msg.dll
BIN                     nwdsschm\obj\alm_dsch.dll
BIN                     nwdsbrws\obj\alm_nwbr.dll
BIN                     nwfile\obj\alm_nwfs.dll
BIN                     nwncpext\obj\alm_ncpx.dll
BIN                     ole1\obj\alm_ole1.dll
BIN                     page\obj\alm_page.dll
BIN                     picture\obj\alm_pict.dll
BIN                     poly\obj\alm_poly.dll
BIN                     print\obj\alm_prnt.dll
BIN                     qpluse\obj\alm_qsql.dll
BIN                     qt_movct\obj\alm_ctrl.dll
BIN                     qt_movie\obj\alm_mov.dll
BIN                     radgroup\obj\alm_radg.dll
BIN                     resizer\obj\resizer.dll
BIN                     scale\obj\alm_scal.dll
BIN                     scrolbar\obj\alm_sbar.dll
BIN                     shapes\obj\alm_shap.dll
BIN                     signal\obj\alm_sigs.dll
BIN                     sound\obj\alm_soun.dll
BIN                     sub\obj\alm_subr.dll
BIN                     table\obj\alm_tabl.dll
BIN                     terminal\obj\alm_tmnl.dll
BIN                     textfact\obj\alm_tfct.dll
BIN                     text\obj\alm_text.dll
BIN                     time\obj\alm_time.dll
BIN                     window\obj\alm_wnd.dll
BIN                     w_layout\obj\alm_wlay.dll

# Object API header files
INCLUDE                 include\op_wnd.h
INCLUDE                 include\o_button.h
INCLUDE                 include\o_comm.h
INCLUDE                 include\o_datb.h
INCLUDE                 include\o_date.h
INCLUDE                 include\o_flag.h
INCLUDE                 include\o_genrl.h
INCLUDE                 include\o_list.h
INCLUDE                 include\o_menus.h
INCLUDE                 include\o_number.h
INCLUDE                 include\o_nwer.h
INCLUDE                 include\o_nwsrvr.h
INCLUDE                 include\o_nwxlat.h
INCLUDE                 include\o_nwmhs.h
INCLUDE                 include\o_nwmsg.h
INCLUDE                 include\o_pict.h
INCLUDE                 include\o_print.h
INCLUDE                 include\o_sql.h   
INCLUDE                 include\o_stream.h
INCLUDE                 include\o_table.h
INCLUDE                 include\o_text.h
INCLUDE                 include\o_time.h
INCLUDE                 include\o_wnd.h
INCLUDE                 include\o_wndlay.h
INCLUDE                 include\o_wndshp.h
INCLUDE                 include\op_dview.h

# Object API library files
LIB                     button\obj\alm_butn.lib
LIB                     conncnt\obj\alm_cnct.lib
LIB                     database\obj\alm_datb.lib
LIB                     date\obj\alm_date.lib
LIB                     flag\obj\alm_flag.lib
LIB                     list\obj\alm_list.lib
LIB                     menus\obj\alm_menu.lib
LIB                     number\obj\alm_nmbr.lib
LIB                     nwer\obj\alm_nwer.lib
LIB                     nwxlat\obj\nwxlat.lib
LIB                     nwmhs\obj\alm_mhs.lib
LIB                     nwmsg\obj\alm_msg.lib
LIB                     nwserver\obj\alm_nwsv.lib
LIB                     nwdsbrws\obj\alm_nwbr.lib
LIB                     nwfile\obj\alm_nwfs.lib
LIB                     picture\obj\alm_pict.lib
LIB                     datastrm\obj\alm_strm.lib
LIB                     table\obj\alm_tabl.lib
LIB                     text\obj\alm_text.lib
LIB                     time\obj\alm_time.lib
LIB                     window\obj\alm_wnd.lib
