# Projects that can be compiled
APPLICAT
AUTHEN
BASIC
BROWSER
BUNDLE
BUTTON
CALC
CONNCNT
CURSOR
DATABASE
DATASTRM
DATE
DDECLIEN
DDESERVE
DLL
FILE
FILEOPS
FILETRAN
FLAG
GENERAL
GROUP
IMP-EXP
KEYBOARD
LAUNCH
LIST
LOOP
MENUS
NOTIFY
NUMBER
NWBIND
NWCLIENT
NWDS
NWER
NWXLAT
NWMSG
NWMHS
NWSERVER
NWDSSCHM
NWDSBRWS
NWFILE
NWNCPEXT
OLE1
PAGE
PICTURE
POLY
PRINT
QPLUSE
QT_MOVCT
QT_MOVIE
RADGROUP
RESIZER
SCALE
SCROLBAR
SHAPES
SIGNAL
SOUND
SUB
TABLE
TERMINAL
TEXT
TEXTFACT
TIME
WINDOW
W_LAYOUT

# Projects that should just be retrieved
CONFIGS                             nomake              
INCLUDE                             nomake              alwaysget
MAKE                                nomake              
